<?xml version="1.0" encoding="UTF-8"?>
<testng-results retried="4" ignored="0" total="8" passed="2" failed="2" skipped="0">
  <reporter-output>
  </reporter-output>
  <suite started-at="2024-11-25T21:15:16 IST" name="Suite" finished-at="2024-11-25T21:15:16 IST" duration-ms="118">
    <groups>
      <group name="regression">
        <method signature="TestNGTestMethods.verifyContactInformation()[pri:3, instance:framework.concepts.TestNGTestMethods@2d52216b]" name="verifyContactInformation" class="framework.concepts.TestNGTestMethods"/>
        <method signature="TestNGTestMethods.verifyLogin(java.lang.String,java.lang.String)[pri:1, instance:framework.concepts.TestNGTestMethods@2d52216b]" name="verifyLogin" class="framework.concepts.TestNGTestMethods"/>
      </group> <!-- regression -->
      <group name="sanity">
        <method signature="TestNGTestMethods.verifyContactInformation()[pri:3, instance:framework.concepts.TestNGTestMethods@2d52216b]" name="verifyContactInformation" class="framework.concepts.TestNGTestMethods"/>
        <method signature="TestNGTestMethods.verifyLogoAndCaption()[pri:2, instance:framework.concepts.TestNGTestMethods@2d52216b]" name="verifyLogoAndCaption" class="framework.concepts.TestNGTestMethods"/>
      </group> <!-- sanity -->
    </groups>
    <test started-at="2024-11-25T21:15:16 IST" name="Test" finished-at="2024-11-25T21:15:16 IST" duration-ms="118">
      <class name="framework.concepts.TestNGTestMethods">
        <test-method is-config="true" signature="startReporting()[pri:0, instance:framework.concepts.TestNGTestMethods@2d52216b]" started-at="2024-11-25T21:15:16 IST" name="startReporting" finished-at="2024-11-25T21:15:16 IST" duration-ms="11" status="PASS">
          <reporter-output>
          </reporter-output>
        </test-method> <!-- startReporting -->
        <test-method is-config="true" signature="launchBrowserAndLaunchApplication(java.lang.String,java.lang.String)[pri:0, instance:framework.concepts.TestNGTestMethods@2d52216b]" started-at="2024-11-25T21:15:16 IST" name="launchBrowserAndLaunchApplication" finished-at="2024-11-25T21:15:16 IST" duration-ms="7" status="PASS">
          <params>
            <param index="0">
              <value>
                <![CDATA[chrome]]>
              </value>
            </param>
            <param index="1">
              <value>
                <![CDATA[www.abc-bank.com]]>
              </value>
            </param>
          </params>
          <reporter-output>
          </reporter-output>
        </test-method> <!-- launchBrowserAndLaunchApplication -->
        <test-method retried="true" signature="verifyLogin(java.lang.String,java.lang.String)[pri:1, instance:framework.concepts.TestNGTestMethods@2d52216b]" started-at="2024-11-25T21:15:16 IST" name="verifyLogin" data-provider="loginData" finished-at="2024-11-25T21:15:16 IST" duration-ms="18" status="SKIP">
          <params>
            <param index="0">
              <value>
                <![CDATA[Bharath]]>
              </value>
            </param>
            <param index="1">
              <value>
                <![CDATA[bharat123]]>
              </value>
            </param>
          </params>
          <exception class="java.lang.AssertionError">
            <message>
              <![CDATA[Login Failed...]]>
            </message>
            <full-stacktrace>
              <![CDATA[java.lang.AssertionError: Login Failed...
at org.testng.Assert.fail(Assert.java:99)
at framework.concepts.TestNGTestMethods.verifyLogin(TestNGTestMethods.java:23)
at java.base/jdk.internal.reflect.DirectMethodHandleAccessor.invoke(DirectMethodHandleAccessor.java:103)
at java.base/java.lang.reflect.Method.invoke(Method.java:580)
at org.testng.internal.MethodInvocationHelper.invokeMethod(MethodInvocationHelper.java:133)
at org.testng.internal.TestInvoker.invokeMethod(TestInvoker.java:598)
at org.testng.internal.TestInvoker.invokeTestMethod(TestInvoker.java:173)
at org.testng.internal.MethodRunner.runInSequence(MethodRunner.java:46)
at org.testng.internal.TestInvoker$MethodInvocationAgent.invoke(TestInvoker.java:824)
at org.testng.internal.TestInvoker.invokeTestMethods(TestInvoker.java:146)
at org.testng.internal.TestMethodWorker.invokeTestMethods(TestMethodWorker.java:146)
at org.testng.internal.TestMethodWorker.run(TestMethodWorker.java:128)
at java.base/java.util.ArrayList.forEach(ArrayList.java:1596)
at org.testng.TestRunner.privateRun(TestRunner.java:794)
at org.testng.TestRunner.run(TestRunner.java:596)
at org.testng.SuiteRunner.runTest(SuiteRunner.java:377)
at org.testng.SuiteRunner.runSequentially(SuiteRunner.java:371)
at org.testng.SuiteRunner.privateRun(SuiteRunner.java:332)
at org.testng.SuiteRunner.run(SuiteRunner.java:276)
at org.testng.SuiteRunnerWorker.runSuite(SuiteRunnerWorker.java:53)
at org.testng.SuiteRunnerWorker.run(SuiteRunnerWorker.java:96)
at org.testng.TestNG.runSuitesSequentially(TestNG.java:1212)
at org.testng.TestNG.runSuitesLocally(TestNG.java:1134)
at org.testng.TestNG.runSuites(TestNG.java:1063)
at org.testng.TestNG.run(TestNG.java:1031)
at org.testng.remote.AbstractRemoteTestNG.run(AbstractRemoteTestNG.java:115)
at org.testng.remote.RemoteTestNG.initAndRun(RemoteTestNG.java:293)
at org.testng.remote.RemoteTestNG.main(RemoteTestNG.java:91)
]]>
            </full-stacktrace>
          </exception> <!-- java.lang.AssertionError -->
          <reporter-output>
          </reporter-output>
        </test-method> <!-- verifyLogin -->
        <test-method is-config="true" signature="closeBrowser()[pri:0, instance:framework.concepts.TestNGTestMethods@2d52216b]" started-at="2024-11-25T21:15:16 IST" name="closeBrowser" finished-at="2024-11-25T21:15:16 IST" duration-ms="1" status="PASS">
          <reporter-output>
          </reporter-output>
        </test-method> <!-- closeBrowser -->
        <test-method is-config="true" signature="launchBrowserAndLaunchApplication(java.lang.String,java.lang.String)[pri:0, instance:framework.concepts.TestNGTestMethods@2d52216b]" started-at="2024-11-25T21:15:16 IST" name="launchBrowserAndLaunchApplication" finished-at="2024-11-25T21:15:16 IST" duration-ms="1" status="PASS">
          <params>
            <param index="0">
              <value>
                <![CDATA[chrome]]>
              </value>
            </param>
            <param index="1">
              <value>
                <![CDATA[www.abc-bank.com]]>
              </value>
            </param>
          </params>
          <reporter-output>
          </reporter-output>
        </test-method> <!-- launchBrowserAndLaunchApplication -->
        <test-method retried="true" signature="verifyLogin(java.lang.String,java.lang.String)[pri:1, instance:framework.concepts.TestNGTestMethods@2d52216b]" started-at="2024-11-25T21:15:16 IST" name="verifyLogin" data-provider="loginData" finished-at="2024-11-25T21:15:16 IST" duration-ms="1" status="SKIP">
          <params>
            <param index="0">
              <value>
                <![CDATA[Bharath]]>
              </value>
            </param>
            <param index="1">
              <value>
                <![CDATA[bharat123]]>
              </value>
            </param>
          </params>
          <exception class="java.lang.AssertionError">
            <message>
              <![CDATA[Login Failed...]]>
            </message>
            <full-stacktrace>
              <![CDATA[java.lang.AssertionError: Login Failed...
at org.testng.Assert.fail(Assert.java:99)
at framework.concepts.TestNGTestMethods.verifyLogin(TestNGTestMethods.java:23)
at java.base/jdk.internal.reflect.DirectMethodHandleAccessor.invoke(DirectMethodHandleAccessor.java:103)
at java.base/java.lang.reflect.Method.invoke(Method.java:580)
at org.testng.internal.MethodInvocationHelper.invokeMethod(MethodInvocationHelper.java:133)
at org.testng.internal.TestInvoker.invokeMethod(TestInvoker.java:598)
at org.testng.internal.TestInvoker.retryFailed(TestInvoker.java:213)
at org.testng.internal.MethodRunner.runInSequence(MethodRunner.java:58)
at org.testng.internal.TestInvoker$MethodInvocationAgent.invoke(TestInvoker.java:824)
at org.testng.internal.TestInvoker.invokeTestMethods(TestInvoker.java:146)
at org.testng.internal.TestMethodWorker.invokeTestMethods(TestMethodWorker.java:146)
at org.testng.internal.TestMethodWorker.run(TestMethodWorker.java:128)
at java.base/java.util.ArrayList.forEach(ArrayList.java:1596)
at org.testng.TestRunner.privateRun(TestRunner.java:794)
at org.testng.TestRunner.run(TestRunner.java:596)
at org.testng.SuiteRunner.runTest(SuiteRunner.java:377)
at org.testng.SuiteRunner.runSequentially(SuiteRunner.java:371)
at org.testng.SuiteRunner.privateRun(SuiteRunner.java:332)
at org.testng.SuiteRunner.run(SuiteRunner.java:276)
at org.testng.SuiteRunnerWorker.runSuite(SuiteRunnerWorker.java:53)
at org.testng.SuiteRunnerWorker.run(SuiteRunnerWorker.java:96)
at org.testng.TestNG.runSuitesSequentially(TestNG.java:1212)
at org.testng.TestNG.runSuitesLocally(TestNG.java:1134)
at org.testng.TestNG.runSuites(TestNG.java:1063)
at org.testng.TestNG.run(TestNG.java:1031)
at org.testng.remote.AbstractRemoteTestNG.run(AbstractRemoteTestNG.java:115)
at org.testng.remote.RemoteTestNG.initAndRun(RemoteTestNG.java:293)
at org.testng.remote.RemoteTestNG.main(RemoteTestNG.java:91)
]]>
            </full-stacktrace>
          </exception> <!-- java.lang.AssertionError -->
          <reporter-output>
          </reporter-output>
        </test-method> <!-- verifyLogin -->
        <test-method is-config="true" signature="closeBrowser()[pri:0, instance:framework.concepts.TestNGTestMethods@2d52216b]" started-at="2024-11-25T21:15:16 IST" name="closeBrowser" finished-at="2024-11-25T21:15:16 IST" duration-ms="0" status="PASS">
          <reporter-output>
          </reporter-output>
        </test-method> <!-- closeBrowser -->
        <test-method signature="verifyLogin(java.lang.String,java.lang.String)[pri:1, instance:framework.concepts.TestNGTestMethods@2d52216b]" started-at="2024-11-25T21:15:16 IST" name="verifyLogin" data-provider="loginData" finished-at="2024-11-25T21:15:16 IST" duration-ms="1" status="FAIL">
          <params>
            <param index="0">
              <value>
                <![CDATA[Bharath]]>
              </value>
            </param>
            <param index="1">
              <value>
                <![CDATA[bharat123]]>
              </value>
            </param>
          </params>
          <exception class="java.lang.AssertionError">
            <message>
              <![CDATA[Login Failed...]]>
            </message>
            <full-stacktrace>
              <![CDATA[java.lang.AssertionError: Login Failed...
at org.testng.Assert.fail(Assert.java:99)
at framework.concepts.TestNGTestMethods.verifyLogin(TestNGTestMethods.java:23)
at java.base/jdk.internal.reflect.DirectMethodHandleAccessor.invoke(DirectMethodHandleAccessor.java:103)
at java.base/java.lang.reflect.Method.invoke(Method.java:580)
at org.testng.internal.MethodInvocationHelper.invokeMethod(MethodInvocationHelper.java:133)
at org.testng.internal.TestInvoker.invokeMethod(TestInvoker.java:598)
at org.testng.internal.TestInvoker.retryFailed(TestInvoker.java:213)
at org.testng.internal.MethodRunner.runInSequence(MethodRunner.java:58)
at org.testng.internal.TestInvoker$MethodInvocationAgent.invoke(TestInvoker.java:824)
at org.testng.internal.TestInvoker.invokeTestMethods(TestInvoker.java:146)
at org.testng.internal.TestMethodWorker.invokeTestMethods(TestMethodWorker.java:146)
at org.testng.internal.TestMethodWorker.run(TestMethodWorker.java:128)
at java.base/java.util.ArrayList.forEach(ArrayList.java:1596)
at org.testng.TestRunner.privateRun(TestRunner.java:794)
at org.testng.TestRunner.run(TestRunner.java:596)
at org.testng.SuiteRunner.runTest(SuiteRunner.java:377)
at org.testng.SuiteRunner.runSequentially(SuiteRunner.java:371)
at org.testng.SuiteRunner.privateRun(SuiteRunner.java:332)
at org.testng.SuiteRunner.run(SuiteRunner.java:276)
at org.testng.SuiteRunnerWorker.runSuite(SuiteRunnerWorker.java:53)
at org.testng.SuiteRunnerWorker.run(SuiteRunnerWorker.java:96)
at org.testng.TestNG.runSuitesSequentially(TestNG.java:1212)
at org.testng.TestNG.runSuitesLocally(TestNG.java:1134)
at org.testng.TestNG.runSuites(TestNG.java:1063)
at org.testng.TestNG.run(TestNG.java:1031)
at org.testng.remote.AbstractRemoteTestNG.run(AbstractRemoteTestNG.java:115)
at org.testng.remote.RemoteTestNG.initAndRun(RemoteTestNG.java:293)
at org.testng.remote.RemoteTestNG.main(RemoteTestNG.java:91)
]]>
            </full-stacktrace>
          </exception> <!-- java.lang.AssertionError -->
          <reporter-output>
          </reporter-output>
        </test-method> <!-- verifyLogin -->
        <test-method is-config="true" signature="launchBrowserAndLaunchApplication(java.lang.String,java.lang.String)[pri:0, instance:framework.concepts.TestNGTestMethods@2d52216b]" started-at="2024-11-25T21:15:16 IST" name="launchBrowserAndLaunchApplication" finished-at="2024-11-25T21:15:16 IST" duration-ms="0" status="PASS">
          <params>
            <param index="0">
              <value>
                <![CDATA[chrome]]>
              </value>
            </param>
            <param index="1">
              <value>
                <![CDATA[www.abc-bank.com]]>
              </value>
            </param>
          </params>
          <reporter-output>
          </reporter-output>
        </test-method> <!-- launchBrowserAndLaunchApplication -->
        <test-method is-config="true" signature="closeBrowser()[pri:0, instance:framework.concepts.TestNGTestMethods@2d52216b]" started-at="2024-11-25T21:15:16 IST" name="closeBrowser" finished-at="2024-11-25T21:15:16 IST" duration-ms="0" status="PASS">
          <reporter-output>
          </reporter-output>
        </test-method> <!-- closeBrowser -->
        <test-method is-config="true" signature="launchBrowserAndLaunchApplication(java.lang.String,java.lang.String)[pri:0, instance:framework.concepts.TestNGTestMethods@2d52216b]" started-at="2024-11-25T21:15:16 IST" name="launchBrowserAndLaunchApplication" finished-at="2024-11-25T21:15:16 IST" duration-ms="1" status="PASS">
          <params>
            <param index="0">
              <value>
                <![CDATA[chrome]]>
              </value>
            </param>
            <param index="1">
              <value>
                <![CDATA[www.abc-bank.com]]>
              </value>
            </param>
          </params>
          <reporter-output>
          </reporter-output>
        </test-method> <!-- launchBrowserAndLaunchApplication -->
        <test-method retried="true" signature="verifyLogin(java.lang.String,java.lang.String)[pri:1, instance:framework.concepts.TestNGTestMethods@2d52216b]" started-at="2024-11-25T21:15:16 IST" name="verifyLogin" data-provider="loginData" finished-at="2024-11-25T21:15:16 IST" duration-ms="1" status="SKIP">
          <params>
            <param index="0">
              <value>
                <![CDATA[Invalid]]>
              </value>
            </param>
            <param index="1">
              <value>
                <![CDATA[invalid123]]>
              </value>
            </param>
          </params>
          <exception class="java.lang.AssertionError">
            <message>
              <![CDATA[Login Failed...]]>
            </message>
            <full-stacktrace>
              <![CDATA[java.lang.AssertionError: Login Failed...
at org.testng.Assert.fail(Assert.java:99)
at framework.concepts.TestNGTestMethods.verifyLogin(TestNGTestMethods.java:23)
at java.base/jdk.internal.reflect.DirectMethodHandleAccessor.invoke(DirectMethodHandleAccessor.java:103)
at java.base/java.lang.reflect.Method.invoke(Method.java:580)
at org.testng.internal.MethodInvocationHelper.invokeMethod(MethodInvocationHelper.java:133)
at org.testng.internal.TestInvoker.invokeMethod(TestInvoker.java:598)
at org.testng.internal.TestInvoker.invokeTestMethod(TestInvoker.java:173)
at org.testng.internal.MethodRunner.runInSequence(MethodRunner.java:46)
at org.testng.internal.TestInvoker$MethodInvocationAgent.invoke(TestInvoker.java:824)
at org.testng.internal.TestInvoker.invokeTestMethods(TestInvoker.java:146)
at org.testng.internal.TestMethodWorker.invokeTestMethods(TestMethodWorker.java:146)
at org.testng.internal.TestMethodWorker.run(TestMethodWorker.java:128)
at java.base/java.util.ArrayList.forEach(ArrayList.java:1596)
at org.testng.TestRunner.privateRun(TestRunner.java:794)
at org.testng.TestRunner.run(TestRunner.java:596)
at org.testng.SuiteRunner.runTest(SuiteRunner.java:377)
at org.testng.SuiteRunner.runSequentially(SuiteRunner.java:371)
at org.testng.SuiteRunner.privateRun(SuiteRunner.java:332)
at org.testng.SuiteRunner.run(SuiteRunner.java:276)
at org.testng.SuiteRunnerWorker.runSuite(SuiteRunnerWorker.java:53)
at org.testng.SuiteRunnerWorker.run(SuiteRunnerWorker.java:96)
at org.testng.TestNG.runSuitesSequentially(TestNG.java:1212)
at org.testng.TestNG.runSuitesLocally(TestNG.java:1134)
at org.testng.TestNG.runSuites(TestNG.java:1063)
at org.testng.TestNG.run(TestNG.java:1031)
at org.testng.remote.AbstractRemoteTestNG.run(AbstractRemoteTestNG.java:115)
at org.testng.remote.RemoteTestNG.initAndRun(RemoteTestNG.java:293)
at org.testng.remote.RemoteTestNG.main(RemoteTestNG.java:91)
]]>
            </full-stacktrace>
          </exception> <!-- java.lang.AssertionError -->
          <reporter-output>
          </reporter-output>
        </test-method> <!-- verifyLogin -->
        <test-method is-config="true" signature="closeBrowser()[pri:0, instance:framework.concepts.TestNGTestMethods@2d52216b]" started-at="2024-11-25T21:15:16 IST" name="closeBrowser" finished-at="2024-11-25T21:15:16 IST" duration-ms="0" status="PASS">
          <reporter-output>
          </reporter-output>
        </test-method> <!-- closeBrowser -->
        <test-method is-config="true" signature="launchBrowserAndLaunchApplication(java.lang.String,java.lang.String)[pri:0, instance:framework.concepts.TestNGTestMethods@2d52216b]" started-at="2024-11-25T21:15:16 IST" name="launchBrowserAndLaunchApplication" finished-at="2024-11-25T21:15:16 IST" duration-ms="0" status="PASS">
          <params>
            <param index="0">
              <value>
                <![CDATA[chrome]]>
              </value>
            </param>
            <param index="1">
              <value>
                <![CDATA[www.abc-bank.com]]>
              </value>
            </param>
          </params>
          <reporter-output>
          </reporter-output>
        </test-method> <!-- launchBrowserAndLaunchApplication -->
        <test-method retried="true" signature="verifyLogin(java.lang.String,java.lang.String)[pri:1, instance:framework.concepts.TestNGTestMethods@2d52216b]" started-at="2024-11-25T21:15:16 IST" name="verifyLogin" data-provider="loginData" finished-at="2024-11-25T21:15:16 IST" duration-ms="1" status="SKIP">
          <params>
            <param index="0">
              <value>
                <![CDATA[Invalid]]>
              </value>
            </param>
            <param index="1">
              <value>
                <![CDATA[invalid123]]>
              </value>
            </param>
          </params>
          <exception class="java.lang.AssertionError">
            <message>
              <![CDATA[Login Failed...]]>
            </message>
            <full-stacktrace>
              <![CDATA[java.lang.AssertionError: Login Failed...
at org.testng.Assert.fail(Assert.java:99)
at framework.concepts.TestNGTestMethods.verifyLogin(TestNGTestMethods.java:23)
at java.base/jdk.internal.reflect.DirectMethodHandleAccessor.invoke(DirectMethodHandleAccessor.java:103)
at java.base/java.lang.reflect.Method.invoke(Method.java:580)
at org.testng.internal.MethodInvocationHelper.invokeMethod(MethodInvocationHelper.java:133)
at org.testng.internal.TestInvoker.invokeMethod(TestInvoker.java:598)
at org.testng.internal.TestInvoker.retryFailed(TestInvoker.java:213)
at org.testng.internal.MethodRunner.runInSequence(MethodRunner.java:58)
at org.testng.internal.TestInvoker$MethodInvocationAgent.invoke(TestInvoker.java:824)
at org.testng.internal.TestInvoker.invokeTestMethods(TestInvoker.java:146)
at org.testng.internal.TestMethodWorker.invokeTestMethods(TestMethodWorker.java:146)
at org.testng.internal.TestMethodWorker.run(TestMethodWorker.java:128)
at java.base/java.util.ArrayList.forEach(ArrayList.java:1596)
at org.testng.TestRunner.privateRun(TestRunner.java:794)
at org.testng.TestRunner.run(TestRunner.java:596)
at org.testng.SuiteRunner.runTest(SuiteRunner.java:377)
at org.testng.SuiteRunner.runSequentially(SuiteRunner.java:371)
at org.testng.SuiteRunner.privateRun(SuiteRunner.java:332)
at org.testng.SuiteRunner.run(SuiteRunner.java:276)
at org.testng.SuiteRunnerWorker.runSuite(SuiteRunnerWorker.java:53)
at org.testng.SuiteRunnerWorker.run(SuiteRunnerWorker.java:96)
at org.testng.TestNG.runSuitesSequentially(TestNG.java:1212)
at org.testng.TestNG.runSuitesLocally(TestNG.java:1134)
at org.testng.TestNG.runSuites(TestNG.java:1063)
at org.testng.TestNG.run(TestNG.java:1031)
at org.testng.remote.AbstractRemoteTestNG.run(AbstractRemoteTestNG.java:115)
at org.testng.remote.RemoteTestNG.initAndRun(RemoteTestNG.java:293)
at org.testng.remote.RemoteTestNG.main(RemoteTestNG.java:91)
]]>
            </full-stacktrace>
          </exception> <!-- java.lang.AssertionError -->
          <reporter-output>
          </reporter-output>
        </test-method> <!-- verifyLogin -->
        <test-method is-config="true" signature="closeBrowser()[pri:0, instance:framework.concepts.TestNGTestMethods@2d52216b]" started-at="2024-11-25T21:15:16 IST" name="closeBrowser" finished-at="2024-11-25T21:15:16 IST" duration-ms="0" status="PASS">
          <reporter-output>
          </reporter-output>
        </test-method> <!-- closeBrowser -->
        <test-method is-config="true" signature="launchBrowserAndLaunchApplication(java.lang.String,java.lang.String)[pri:0, instance:framework.concepts.TestNGTestMethods@2d52216b]" started-at="2024-11-25T21:15:16 IST" name="launchBrowserAndLaunchApplication" finished-at="2024-11-25T21:15:16 IST" duration-ms="1" status="PASS">
          <params>
            <param index="0">
              <value>
                <![CDATA[chrome]]>
              </value>
            </param>
            <param index="1">
              <value>
                <![CDATA[www.abc-bank.com]]>
              </value>
            </param>
          </params>
          <reporter-output>
          </reporter-output>
        </test-method> <!-- launchBrowserAndLaunchApplication -->
        <test-method signature="verifyLogin(java.lang.String,java.lang.String)[pri:1, instance:framework.concepts.TestNGTestMethods@2d52216b]" started-at="2024-11-25T21:15:16 IST" name="verifyLogin" data-provider="loginData" finished-at="2024-11-25T21:15:16 IST" duration-ms="1" status="FAIL">
          <params>
            <param index="0">
              <value>
                <![CDATA[Invalid]]>
              </value>
            </param>
            <param index="1">
              <value>
                <![CDATA[invalid123]]>
              </value>
            </param>
          </params>
          <exception class="java.lang.AssertionError">
            <message>
              <![CDATA[Login Failed...]]>
            </message>
            <full-stacktrace>
              <![CDATA[java.lang.AssertionError: Login Failed...
at org.testng.Assert.fail(Assert.java:99)
at framework.concepts.TestNGTestMethods.verifyLogin(TestNGTestMethods.java:23)
at java.base/jdk.internal.reflect.DirectMethodHandleAccessor.invoke(DirectMethodHandleAccessor.java:103)
at java.base/java.lang.reflect.Method.invoke(Method.java:580)
at org.testng.internal.MethodInvocationHelper.invokeMethod(MethodInvocationHelper.java:133)
at org.testng.internal.TestInvoker.invokeMethod(TestInvoker.java:598)
at org.testng.internal.TestInvoker.retryFailed(TestInvoker.java:213)
at org.testng.internal.MethodRunner.runInSequence(MethodRunner.java:58)
at org.testng.internal.TestInvoker$MethodInvocationAgent.invoke(TestInvoker.java:824)
at org.testng.internal.TestInvoker.invokeTestMethods(TestInvoker.java:146)
at org.testng.internal.TestMethodWorker.invokeTestMethods(TestMethodWorker.java:146)
at org.testng.internal.TestMethodWorker.run(TestMethodWorker.java:128)
at java.base/java.util.ArrayList.forEach(ArrayList.java:1596)
at org.testng.TestRunner.privateRun(TestRunner.java:794)
at org.testng.TestRunner.run(TestRunner.java:596)
at org.testng.SuiteRunner.runTest(SuiteRunner.java:377)
at org.testng.SuiteRunner.runSequentially(SuiteRunner.java:371)
at org.testng.SuiteRunner.privateRun(SuiteRunner.java:332)
at org.testng.SuiteRunner.run(SuiteRunner.java:276)
at org.testng.SuiteRunnerWorker.runSuite(SuiteRunnerWorker.java:53)
at org.testng.SuiteRunnerWorker.run(SuiteRunnerWorker.java:96)
at org.testng.TestNG.runSuitesSequentially(TestNG.java:1212)
at org.testng.TestNG.runSuitesLocally(TestNG.java:1134)
at org.testng.TestNG.runSuites(TestNG.java:1063)
at org.testng.TestNG.run(TestNG.java:1031)
at org.testng.remote.AbstractRemoteTestNG.run(AbstractRemoteTestNG.java:115)
at org.testng.remote.RemoteTestNG.initAndRun(RemoteTestNG.java:293)
at org.testng.remote.RemoteTestNG.main(RemoteTestNG.java:91)
]]>
            </full-stacktrace>
          </exception> <!-- java.lang.AssertionError -->
          <reporter-output>
          </reporter-output>
        </test-method> <!-- verifyLogin -->
        <test-method is-config="true" signature="closeBrowser()[pri:0, instance:framework.concepts.TestNGTestMethods@2d52216b]" started-at="2024-11-25T21:15:16 IST" name="closeBrowser" finished-at="2024-11-25T21:15:16 IST" duration-ms="0" status="PASS">
          <reporter-output>
          </reporter-output>
        </test-method> <!-- closeBrowser -->
        <test-method is-config="true" signature="launchBrowserAndLaunchApplication(java.lang.String,java.lang.String)[pri:0, instance:framework.concepts.TestNGTestMethods@2d52216b]" started-at="2024-11-25T21:15:16 IST" name="launchBrowserAndLaunchApplication" finished-at="2024-11-25T21:15:16 IST" duration-ms="0" status="PASS">
          <params>
            <param index="0">
              <value>
                <![CDATA[chrome]]>
              </value>
            </param>
            <param index="1">
              <value>
                <![CDATA[www.abc-bank.com]]>
              </value>
            </param>
          </params>
          <reporter-output>
          </reporter-output>
        </test-method> <!-- launchBrowserAndLaunchApplication -->
        <test-method signature="verifyContactInformation()[pri:3, instance:framework.concepts.TestNGTestMethods@2d52216b]" started-at="2024-11-25T21:15:16 IST" name="verifyContactInformation" finished-at="2024-11-25T21:15:16 IST" duration-ms="2" status="PASS">
          <reporter-output>
          </reporter-output>
        </test-method> <!-- verifyContactInformation -->
        <test-method is-config="true" signature="closeBrowser()[pri:0, instance:framework.concepts.TestNGTestMethods@2d52216b]" started-at="2024-11-25T21:15:16 IST" name="closeBrowser" finished-at="2024-11-25T21:15:16 IST" duration-ms="0" status="PASS">
          <reporter-output>
          </reporter-output>
        </test-method> <!-- closeBrowser -->
        <test-method is-config="true" signature="launchBrowserAndLaunchApplication(java.lang.String,java.lang.String)[pri:0, instance:framework.concepts.TestNGTestMethods@2d52216b]" started-at="2024-11-25T21:15:16 IST" name="launchBrowserAndLaunchApplication" finished-at="2024-11-25T21:15:16 IST" duration-ms="1" status="PASS">
          <params>
            <param index="0">
              <value>
                <![CDATA[chrome]]>
              </value>
            </param>
            <param index="1">
              <value>
                <![CDATA[www.abc-bank.com]]>
              </value>
            </param>
          </params>
          <reporter-output>
          </reporter-output>
        </test-method> <!-- launchBrowserAndLaunchApplication -->
        <test-method signature="verifyLogoAndCaption()[pri:2, instance:framework.concepts.TestNGTestMethods@2d52216b]" started-at="2024-11-25T21:15:16 IST" name="verifyLogoAndCaption" finished-at="2024-11-25T21:15:16 IST" depends-on-methods="framework.concepts.TestNGTestMethods.verifyContactInformation" duration-ms="1" status="PASS">
          <reporter-output>
          </reporter-output>
        </test-method> <!-- verifyLogoAndCaption -->
        <test-method is-config="true" signature="closeBrowser()[pri:0, instance:framework.concepts.TestNGTestMethods@2d52216b]" started-at="2024-11-25T21:15:16 IST" name="closeBrowser" finished-at="2024-11-25T21:15:16 IST" duration-ms="0" status="PASS">
          <reporter-output>
          </reporter-output>
        </test-method> <!-- closeBrowser -->
        <test-method is-config="true" signature="stopReporting()[pri:0, instance:framework.concepts.TestNGTestMethods@2d52216b]" started-at="2024-11-25T21:15:16 IST" name="stopReporting" finished-at="2024-11-25T21:15:16 IST" duration-ms="1" status="PASS">
          <reporter-output>
          </reporter-output>
        </test-method> <!-- stopReporting -->
      </class> <!-- framework.concepts.TestNGTestMethods -->
    </test> <!-- Test -->
  </suite> <!-- Suite -->
</testng-results>
